This is LuaHBTeX, Version 1.18.0 (TeX Live 2024)  (format=lualatex 2024.6.5)  26 JUN 2026 15:25
 restricted system commands enabled.
**main.tex
(./main.tex
LaTeX2e <2023-11-01> patch level 1
L3 programming layer <2024-02-20>
Lua module: luaotfload 2024-02-14 3.28 Lua based OpenType font support
Lua module: lualibs 2023-07-13 2.76 ConTeXt Lua standard libraries.
Lua module: lualibs-extended 2023-07-13 2.76 ConTeXt Lua libraries -- extended c
ollection.
luaotfload | conf : Root cache directory is "/Users/javad/Library/texlive/2024/t
exmf-var/luatex-cache/generic/names".
luaotfload | init : Loading fontloader "fontloader-2023-12-28.lua" from kpse-res
olved path "/usr/local/texlive/2024/texmf-dist/tex/luatex/luaotfload/fontloader-
2023-12-28.lua".
Lua-only attribute luaotfload@noligature = 1
luaotfload | init : Context OpenType loader version 3.134
Inserting `luaotfload.node_processor' in `pre_linebreak_filter'.
Inserting `luaotfload.node_processor' in `hpack_filter'.
Inserting `luaotfload.glyph_stream' in `glyph_stream_provider'.
Inserting `luaotfload.define_font' in `define_font'.
Lua-only attribute luaotfload_color_attribute = 2
luaotfload | conf : Root cache directory is "/Users/javad/Library/texlive/2024/t
exmf-var/luatex-cache/generic/names".
Inserting `luaotfload.harf.strip_prefix' in `find_opentype_file'.
Inserting `luaotfload.harf.strip_prefix' in `find_truetype_file'.
Removing  `luaotfload.glyph_stream' from `glyph_stream_provider'.
Inserting `luaotfload.harf.glyphstream' in `glyph_stream_provider'.
Inserting `luaotfload.harf.finalize_vlist' in `post_linebreak_filter'.
Inserting `luaotfload.harf.finalize_hlist' in `hpack_filter'.
Inserting `luaotfload.cleanup_files' in `wrapup_run'.
Inserting `luaotfload.harf.finalize_unicode' in `finish_pdffile'.
Inserting `luaotfload.glyphinfo' in `glyph_info'.
Lua-only attribute luaotfload.letterspace_done = 3
Inserting `luaotfload.aux.set_sscale_dimens' in `luaotfload.patch_font'.
Inserting `luaotfload.aux.set_font_index' in `luaotfload.patch_font'.
Inserting `luaotfload.aux.patch_cambria_domh' in `luaotfload.patch_font'.
Inserting `luaotfload.aux.fixup_fontdata' in `luaotfload.patch_font_unsafe'.
Inserting `luaotfload.aux.set_capheight' in `luaotfload.patch_font'.
Inserting `luaotfload.aux.set_xheight' in `luaotfload.patch_font'.
Inserting `luaotfload.rewrite_fontname' in `luaotfload.patch_font'.
Inserting `tracingstacklevels' in `input_level_string'. (/usr/local/texlive/202
4/texmf-dist/tex/latex/base/article.cls
Document Class: article 2023/05/17 v1.4n Standard LaTeX document class
(/usr/local/texlive/2024/texmf-dist/tex/latex/base/size11.clo
File: size11.clo 2023/05/17 v1.4n Standard LaTeX file (size option)
luaotfload | db : Font names database loaded from /Users/javad/Library/texlive/2
024/texmf-var/luatex-cache/generic/names/luaotfload-names.luc.gz)
\c@part=\count186
\c@section=\count187
\c@subsection=\count188
\c@subsubsection=\count189
\c@paragraph=\count190
\c@subparagraph=\count191
\c@figure=\count192
\c@table=\count193
\abovecaptionskip=\skip48
\belowcaptionskip=\skip49
\bibindent=\dimen139
)
(/usr/local/texlive/2024/texmf-dist/tex/latex/geometry/geometry.sty
Package: geometry 2020/01/02 v5.9 Page Geometry

(/usr/local/texlive/2024/texmf-dist/tex/latex/graphics/keyval.sty
Package: keyval 2022/05/29 v1.15 key=value parser (DPC)
\KV@toks@=\toks17
)
(/usr/local/texlive/2024/texmf-dist/tex/generic/iftex/ifvtex.sty
Package: ifvtex 2019/10/25 v1.7 ifvtex legacy package. Use iftex instead.

(/usr/local/texlive/2024/texmf-dist/tex/generic/iftex/iftex.sty
Package: iftex 2022/02/03 v1.0f TeX engine tests
))
\Gm@cnth=\count194
\Gm@cntv=\count195
\c@Gm@tempcnt=\count196
\Gm@bindingoffset=\dimen140
\Gm@wd@mp=\dimen141
\Gm@odd@mp=\dimen142
\Gm@even@mp=\dimen143
\Gm@layoutwidth=\dimen144
\Gm@layoutheight=\dimen145
\Gm@layouthoffset=\dimen146
\Gm@layoutvoffset=\dimen147
\Gm@dimlist=\toks18
)
(/usr/local/texlive/2024/texmf-dist/tex/latex/base/fontenc.sty
Package: fontenc 2021/04/29 v2.0v Standard LaTeX package
LaTeX Font Info:    Trying to load font information for T1+lmr on input line 11
2.

(/usr/local/texlive/2024/texmf-dist/tex/latex/lm/t1lmr.fd
File: t1lmr.fd 2015/05/01 v1.6.1 Font defs for Latin Modern
))
(/usr/local/texlive/2024/texmf-dist/tex/latex/base/inputenc.sty
Package: inputenc 2021/02/14 v1.3d Input encoding file
\inpenc@prehook=\toks19
\inpenc@posthook=\toks20


Package inputenc Warning: inputenc package ignored with utf8 based engines.

) (/usr/local/texlive/2024/texmf-dist/tex/latex/lm/lmodern.sty
Package: lmodern 2015/05/01 v1.6.1 Latin Modern Fonts
LaTeX Font Info:    Overwriting symbol font `operators' in version `normal'
(Font)                  OT1/cmr/m/n --> OT1/lmr/m/n on input line 22.
LaTeX Font Info:    Overwriting symbol font `letters' in version `normal'
(Font)                  OML/cmm/m/it --> OML/lmm/m/it on input line 23.
LaTeX Font Info:    Overwriting symbol font `symbols' in version `normal'
(Font)                  OMS/cmsy/m/n --> OMS/lmsy/m/n on input line 24.
LaTeX Font Info:    Overwriting symbol font `largesymbols' in version `normal'
(Font)                  OMX/cmex/m/n --> OMX/lmex/m/n on input line 25.
LaTeX Font Info:    Overwriting symbol font `operators' in version `bold'
(Font)                  OT1/cmr/bx/n --> OT1/lmr/bx/n on input line 26.
LaTeX Font Info:    Overwriting symbol font `letters' in version `bold'
(Font)                  OML/cmm/b/it --> OML/lmm/b/it on input line 27.
LaTeX Font Info:    Overwriting symbol font `symbols' in version `bold'
(Font)                  OMS/cmsy/b/n --> OMS/lmsy/b/n on input line 28.
LaTeX Font Info:    Overwriting symbol font `largesymbols' in version `bold'
(Font)                  OMX/cmex/m/n --> OMX/lmex/m/n on input line 29.
LaTeX Font Info:    Overwriting math alphabet `\mathbf' in version `normal'
(Font)                  OT1/cmr/bx/n --> OT1/lmr/bx/n on input line 31.
LaTeX Font Info:    Overwriting math alphabet `\mathsf' in version `normal'
(Font)                  OT1/cmss/m/n --> OT1/lmss/m/n on input line 32.
LaTeX Font Info:    Overwriting math alphabet `\mathit' in version `normal'
(Font)                  OT1/cmr/m/it --> OT1/lmr/m/it on input line 33.
LaTeX Font Info:    Overwriting math alphabet `\mathtt' in version `normal'
(Font)                  OT1/cmtt/m/n --> OT1/lmtt/m/n on input line 34.
LaTeX Font Info:    Overwriting math alphabet `\mathbf' in version `bold'
(Font)                  OT1/cmr/bx/n --> OT1/lmr/bx/n on input line 35.
LaTeX Font Info:    Overwriting math alphabet `\mathsf' in version `bold'
(Font)                  OT1/cmss/bx/n --> OT1/lmss/bx/n on input line 36.
LaTeX Font Info:    Overwriting math alphabet `\mathit' in version `bold'
(Font)                  OT1/cmr/bx/it --> OT1/lmr/bx/it on input line 37.
LaTeX Font Info:    Overwriting math alphabet `\mathtt' in version `bold'
(Font)                  OT1/cmtt/m/n --> OT1/lmtt/m/n on input line 38.
)
(/usr/local/texlive/2024/texmf-dist/tex/latex/amsmath/amsmath.sty
Package: amsmath 2023/05/13 v2.17o AMS math features
\@mathmargin=\skip50

For additional information on amsmath, use the `?' option.
(/usr/local/texlive/2024/texmf-dist/tex/latex/amsmath/amstext.sty
Package: amstext 2021/08/26 v2.01 AMS text

(/usr/local/texlive/2024/texmf-dist/tex/latex/amsmath/amsgen.sty
File: amsgen.sty 1999/11/30 v2.0 generic functions
\@emptytoks=\toks21
\ex@=\dimen148
))
(/usr/local/texlive/2024/texmf-dist/tex/latex/amsmath/amsbsy.sty
Package: amsbsy 1999/11/29 v1.2d Bold Symbols
\pmbraise@=\dimen149
)
(/usr/local/texlive/2024/texmf-dist/tex/latex/amsmath/amsopn.sty
Package: amsopn 2022/04/08 v2.04 operator names
)
\inf@bad=\count197
LaTeX Info: Redefining \frac on input line 236.
\uproot@=\count198
\leftroot@=\count199
LaTeX Info: Redefining \overline on input line 399.
LaTeX Info: Redefining \colon on input line 410.
\classnum@=\count266
\DOTSCASE@=\count267
LaTeX Info: Redefining \ldots on input line 496.
LaTeX Info: Redefining \dots on input line 499.
LaTeX Info: Redefining \cdots on input line 620.
\Mathstrutbox@=\box51
\strutbox@=\box52
LaTeX Info: Redefining \big on input line 722.
LaTeX Info: Redefining \Big on input line 723.
LaTeX Info: Redefining \bigg on input line 724.
LaTeX Info: Redefining \Bigg on input line 725.
\big@size=\dimen150
LaTeX Font Info:    Redeclaring font encoding OML on input line 743.
LaTeX Font Info:    Redeclaring font encoding OMS on input line 744.
\macc@depth=\count268
LaTeX Info: Redefining \bmod on input line 905.
LaTeX Info: Redefining \pmod on input line 910.
LaTeX Info: Redefining \smash on input line 940.
LaTeX Info: Redefining \relbar on input line 970.
LaTeX Info: Redefining \Relbar on input line 971.
\c@MaxMatrixCols=\count269
\dotsspace@=\muskip16
\c@parentequation=\count270
\dspbrk@lvl=\count271
\tag@help=\toks22
\row@=\count272
\column@=\count273
\maxfields@=\count274
\andhelp@=\toks23
\eqnshift@=\dimen151
\alignsep@=\dimen152
\tagshift@=\dimen153
\tagwidth@=\dimen154
\totwidth@=\dimen155
\lineht@=\dimen156
\@envbody=\toks24
\multlinegap=\skip51
\multlinetaggap=\skip52
\mathdisplay@stack=\toks25
LaTeX Info: Redefining \[ on input line 2953.
LaTeX Info: Redefining \] on input line 2954.
)
(/usr/local/texlive/2024/texmf-dist/tex/latex/amsfonts/amssymb.sty
Package: amssymb 2013/01/14 v3.01 AMS font symbols

(/usr/local/texlive/2024/texmf-dist/tex/latex/amsfonts/amsfonts.sty
Package: amsfonts 2013/01/14 v3.01 Basic AMSFonts support
\symAMSa=\mathgroup4
\symAMSb=\mathgroup5
LaTeX Font Info:    Redeclaring math symbol \hbar on input line 98.
LaTeX Font Info:    Overwriting math alphabet `\mathfrak' in version `bold'
(Font)                  U/euf/m/n --> U/euf/b/n on input line 106.
))
(/usr/local/texlive/2024/texmf-dist/tex/latex/booktabs/booktabs.sty
Package: booktabs 2020/01/12 v1.61803398 Publication quality tables
\heavyrulewidth=\dimen157
\lightrulewidth=\dimen158
\cmidrulewidth=\dimen159
\belowrulesep=\dimen160
\belowbottomsep=\dimen161
\aboverulesep=\dimen162
\abovetopsep=\dimen163
\cmidrulesep=\dimen164
\cmidrulekern=\dimen165
\defaultaddspace=\dimen166
\@cmidla=\count275
\@cmidlb=\count276
\@aboverulesep=\dimen167
\@belowrulesep=\dimen168
\@thisruleclass=\count277
\@lastruleclass=\count278
\@thisrulewidth=\dimen169
)
(/usr/local/texlive/2024/texmf-dist/tex/latex/tools/array.sty
Package: array 2023/10/16 v2.5g Tabular extension package (FMi)
\col@sep=\dimen170
\ar@mcellbox=\box53
\extrarowheight=\dimen171
\NC@list=\toks26
\extratabsurround=\skip53
\backup@length=\skip54
\ar@cellbox=\box54
)
(/usr/local/texlive/2024/texmf-dist/tex/latex/tools/longtable.sty
Package: longtable 2023-11-01 v4.19 Multi-page Table package (DPC)
\LTleft=\skip55
\LTright=\skip56
\LTpre=\skip57
\LTpost=\skip58
\LTchunksize=\count279
\LTcapwidth=\dimen172
\LT@head=\box55
\LT@firsthead=\box56
\LT@foot=\box57
\LT@lastfoot=\box58
\LT@gbox=\box59
\LT@cols=\count280
\LT@rows=\count281
\c@LT@tables=\count282
\c@LT@chunks=\count283
\LT@p@ftn=\toks27
)
(/usr/local/texlive/2024/texmf-dist/tex/latex/graphics/graphicx.sty
Package: graphicx 2021/09/16 v1.2d Enhanced LaTeX Graphics (DPC,SPQR)

(/usr/local/texlive/2024/texmf-dist/tex/latex/graphics/graphics.sty
Package: graphics 2022/03/10 v1.4e Standard LaTeX Graphics (DPC,SPQR)

(/usr/local/texlive/2024/texmf-dist/tex/latex/graphics/trig.sty
Package: trig 2021/08/11 v1.11 sin cos tan (DPC)
)
(/usr/local/texlive/2024/texmf-dist/tex/latex/graphics-cfg/graphics.cfg
File: graphics.cfg 2016/06/04 v1.11 sample graphics configuration
)
Package graphics Info: Driver file: luatex.def on input line 107.

(/usr/local/texlive/2024/texmf-dist/tex/latex/graphics-def/luatex.def
File: luatex.def 2022/09/22 v1.2d Graphics/color driver for luatex
))
\Gin@req@height=\dimen173
\Gin@req@width=\dimen174
)
(/usr/local/texlive/2024/texmf-dist/tex/latex/caption/subcaption.sty
Package: subcaption 2023/07/28 v1.6b Sub-captions (AR)

(/usr/local/texlive/2024/texmf-dist/tex/latex/caption/caption.sty
Package: caption 2023/08/05 v3.6o Customizing captions (AR)

(/usr/local/texlive/2024/texmf-dist/tex/latex/caption/caption3.sty
Package: caption3 2023/07/31 v2.4d caption3 kernel (AR)
\caption@tempdima=\dimen175
\captionmargin=\dimen176
\caption@leftmargin=\dimen177
\caption@rightmargin=\dimen178
\caption@width=\dimen179
\caption@indent=\dimen180
\caption@parindent=\dimen181
\caption@hangindent=\dimen182
Package caption Info: Standard document class detected.
)
\c@caption@flags=\count284
\c@continuedfloat=\count285
Package caption Info: longtable package is loaded.

(/usr/local/texlive/2024/texmf-dist/tex/latex/caption/ltcaption.sty
Package: ltcaption 2021/01/08 v1.4c longtable captions (AR)
))
Package caption Info: New subtype `subfigure' on input line 238.
\c@subfigure=\count286
Package caption Info: New subtype `subtable' on input line 238.
\c@subtable=\count287
)
(/usr/local/texlive/2024/texmf-dist/tex/latex/float/float.sty
Package: float 2001/11/08 v1.3d Float enhancements (AL)
\c@float@type=\count288
\float@exts=\toks28
\float@box=\box60
\@float@everytoks=\toks29
\@floatcapt=\box61
)
(/usr/local/texlive/2024/texmf-dist/tex/latex/xcolor/xcolor.sty
Package: xcolor 2023/11/15 v3.01 LaTeX color extensions (UK)

(/usr/local/texlive/2024/texmf-dist/tex/latex/graphics-cfg/color.cfg
File: color.cfg 2016/01/02 v1.6 sample color configuration
)
Package xcolor Info: Driver file: luatex.def on input line 274.

(/usr/local/texlive/2024/texmf-dist/tex/latex/graphics/mathcolor.ltx)
Package xcolor Info: Model `cmy' substituted by `cmy0' on input line 1350.
Package xcolor Info: Model `hsb' substituted by `rgb' on input line 1354.
Package xcolor Info: Model `RGB' extended on input line 1366.
Package xcolor Info: Model `HTML' substituted by `rgb' on input line 1368.
Package xcolor Info: Model `Hsb' substituted by `hsb' on input line 1369.
Package xcolor Info: Model `tHsb' substituted by `hsb' on input line 1370.
Package xcolor Info: Model `HSB' substituted by `hsb' on input line 1371.
Package xcolor Info: Model `Gray' substituted by `gray' on input line 1372.
Package xcolor Info: Model `wave' substituted by `hsb' on input line 1373.
)
(/usr/local/texlive/2024/texmf-dist/tex/latex/hyperref/hyperref.sty
Package: hyperref 2024-01-20 v7.01h Hypertext links for LaTeX

(/usr/local/texlive/2024/texmf-dist/tex/latex/kvsetkeys/kvsetkeys.sty
Package: kvsetkeys 2022-10-05 v1.19 Key value parser (HO)
)
(/usr/local/texlive/2024/texmf-dist/tex/generic/kvdefinekeys/kvdefinekeys.sty
Package: kvdefinekeys 2019-12-19 v1.6 Define keys (HO)
)
(/usr/local/texlive/2024/texmf-dist/tex/generic/pdfescape/pdfescape.sty
Package: pdfescape 2019/12/09 v1.15 Implements pdfTeX's escape features (HO)

(/usr/local/texlive/2024/texmf-dist/tex/generic/ltxcmds/ltxcmds.sty
Package: ltxcmds 2023-12-04 v1.26 LaTeX kernel commands for general use (HO)
)
(/usr/local/texlive/2024/texmf-dist/tex/generic/pdftexcmds/pdftexcmds.sty
Package: pdftexcmds 2020-06-27 v0.33 Utility functions of pdfTeX for LuaTeX (HO
)

(/usr/local/texlive/2024/texmf-dist/tex/generic/infwarerr/infwarerr.sty
Package: infwarerr 2019/12/03 v1.5 Providing info/warning/error messages (HO)
)
Package pdftexcmds Info: \pdf@primitive is available.
Package pdftexcmds Info: \pdf@ifprimitive is available.
Package pdftexcmds Info: \pdfdraftmode found.
\pdftexcmds@toks=\toks30
))
(/usr/local/texlive/2024/texmf-dist/tex/latex/hycolor/hycolor.sty
Package: hycolor 2020-01-27 v1.10 Color options for hyperref/bookmark (HO)
)
(/usr/local/texlive/2024/texmf-dist/tex/latex/auxhook/auxhook.sty
Package: auxhook 2019-12-17 v1.6 Hooks for auxiliary files (HO)
)
(/usr/local/texlive/2024/texmf-dist/tex/latex/hyperref/nameref.sty
Package: nameref 2023-11-26 v2.56 Cross-referencing by name of section

(/usr/local/texlive/2024/texmf-dist/tex/latex/refcount/refcount.sty
Package: refcount 2019/12/15 v3.6 Data extraction from label references (HO)
)
(/usr/local/texlive/2024/texmf-dist/tex/generic/gettitlestring/gettitlestring.s
ty
Package: gettitlestring 2019/12/15 v1.6 Cleanup title references (HO)
 (/usr/local/texlive/2024/texmf-dist/tex/latex/kvoptions/kvoptions.sty
Package: kvoptions 2022-06-15 v3.15 Key value format for package options (HO)
))
\c@section@level=\count289
)
(/usr/local/texlive/2024/texmf-dist/tex/latex/etoolbox/etoolbox.sty
Package: etoolbox 2020/10/05 v2.5k e-TeX tools for LaTeX (JAW)
\etb@tempcnta=\count290
)
\@linkdim=\dimen183
\Hy@linkcounter=\count291
\Hy@pagecounter=\count292

(/usr/local/texlive/2024/texmf-dist/tex/latex/hyperref/pd1enc.def
File: pd1enc.def 2024-01-20 v7.01h Hyperref: PDFDocEncoding definition (HO)
)
(/usr/local/texlive/2024/texmf-dist/tex/generic/intcalc/intcalc.sty
Package: intcalc 2019/12/15 v1.3 Expandable calculations with integers (HO)
)
\Hy@SavedSpaceFactor=\count293

(/usr/local/texlive/2024/texmf-dist/tex/latex/hyperref/puenc.def
File: puenc.def 2024-01-20 v7.01h Hyperref: PDF Unicode definition (HO)
)
Package hyperref Info: Hyper figures OFF on input line 4179.
Package hyperref Info: Link nesting OFF on input line 4184.
Package hyperref Info: Hyper index ON on input line 4187.
Package hyperref Info: Plain pages OFF on input line 4194.
Package hyperref Info: Backreferencing OFF on input line 4199.
Package hyperref Info: Implicit mode ON; LaTeX internals redefined.
Package hyperref Info: Bookmarks ON on input line 4446.
\c@Hy@tempcnt=\count294

(/usr/local/texlive/2024/texmf-dist/tex/latex/url/url.sty
\Urlmuskip=\muskip17
Package: url 2013/09/16  ver 3.4  Verb mode for urls, etc.
)
LaTeX Info: Redefining \url on input line 4784.
\XeTeXLinkMargin=\dimen184

(/usr/local/texlive/2024/texmf-dist/tex/generic/bitset/bitset.sty
Package: bitset 2019/12/09 v1.3 Handle bit-vector datatype (HO)

(/usr/local/texlive/2024/texmf-dist/tex/generic/bigintcalc/bigintcalc.sty
Package: bigintcalc 2019/12/15 v1.5 Expandable calculations on big integers (HO
)
))
\Fld@menulength=\count295
\Field@Width=\dimen185
\Fld@charsize=\dimen186
Package hyperref Info: Hyper figures OFF on input line 6063.
Package hyperref Info: Link nesting OFF on input line 6068.
Package hyperref Info: Hyper index ON on input line 6071.
Package hyperref Info: backreferencing OFF on input line 6078.
Package hyperref Info: Link coloring OFF on input line 6083.
Package hyperref Info: Link coloring with OCG OFF on input line 6088.
Package hyperref Info: PDF/A mode OFF on input line 6093.

(/usr/local/texlive/2024/texmf-dist/tex/latex/base/atbegshi-ltx.sty
Package: atbegshi-ltx 2021/01/10 v1.0c Emulation of the original atbegshi
package with kernel methods
)
\Hy@abspage=\count296
\c@Item=\count297
\c@Hfootnote=\count298
)
Package hyperref Info: Driver (autodetected): hluatex.

(/usr/local/texlive/2024/texmf-dist/tex/latex/hyperref/hluatex.def
File: hluatex.def 2024-01-20 v7.01h Hyperref driver for luaTeX

(/usr/local/texlive/2024/texmf-dist/tex/generic/stringenc/stringenc.sty
Package: stringenc 2019/11/29 v1.12 Convert strings between diff. encodings (HO
)
)
(/usr/local/texlive/2024/texmf-dist/tex/latex/base/atveryend-ltx.sty
Package: atveryend-ltx 2020/08/19 v1.0a Emulation of the original atveryend pac
kage
with kernel methods
)
\Fld@listcount=\count299
\c@bookmark@seq@number=\count300

(/usr/local/texlive/2024/texmf-dist/tex/latex/rerunfilecheck/rerunfilecheck.sty
Package: rerunfilecheck 2022-07-10 v1.10 Rerun checks for auxiliary files (HO)

(/usr/local/texlive/2024/texmf-dist/tex/generic/uniquecounter/uniquecounter.sty
Package: uniquecounter 2019/12/15 v1.4 Provide unlimited unique counter (HO)
)
Package uniquecounter Info: New unique counter `rerunfilecheck' on input line 2
85.
)
\Hy@SectionHShift=\skip59
) (/usr/local/texlive/2024/texmf-dist/tex/latex/enumitem/enumitem.sty
Package: enumitem 2019/06/20 v3.9 Customized lists
\labelindent=\skip60
\enit@outerparindent=\dimen187
\enit@toks=\toks31
\enit@inbox=\box62
\enit@count@id=\count301
\enitdp@description=\count302
)
(/usr/local/texlive/2024/texmf-dist/tex/latex/tools/verbatim.sty
Package: verbatim 2023-11-06 v1.5v LaTeX2e package for verbatim enhancements
\every@verbatim=\toks32
\verbatim@line=\toks33
\verbatim@in@stream=\read2
)
Package hyperref Info: Option `colorlinks' set `true' on input line 24.

(/usr/local/texlive/2024/texmf-dist/tex/latex/l3backend/l3backend-luatex.def
File: l3backend-luatex.def 2024-02-20 L3 backend support: PDF output (LuaTeX)
\l__color_backend_stack_int=\count303
Inserting `l3color' in `luaotfload.parse_color'.
\l__pdf_internal_box=\box63
)
(./main.aux)
\openout1 = main.aux

LaTeX Font Info:    Checking defaults for OML/cmm/m/it on input line 43.
LaTeX Font Info:    ... okay on input line 43.
LaTeX Font Info:    Checking defaults for OMS/cmsy/m/n on input line 43.
LaTeX Font Info:    ... okay on input line 43.
LaTeX Font Info:    Checking defaults for OT1/cmr/m/n on input line 43.
LaTeX Font Info:    ... okay on input line 43.
LaTeX Font Info:    Checking defaults for T1/cmr/m/n on input line 43.
LaTeX Font Info:    ... okay on input line 43.
LaTeX Font Info:    Checking defaults for TS1/cmr/m/n on input line 43.
LaTeX Font Info:    Trying to load font information for TS1+cmr on input line 4
3.
 (/usr/local/texlive/2024/texmf-dist/tex/latex/base/ts1cmr.fd
File: ts1cmr.fd 2023/04/13 v2.5m Standard LaTeX font definitions
)
LaTeX Font Info:    ... okay on input line 43.
LaTeX Font Info:    Checking defaults for TU/lmr/m/n on input line 43.
LaTeX Font Info:    ... okay on input line 43.
LaTeX Font Info:    Checking defaults for OMX/cmex/m/n on input line 43.
LaTeX Font Info:    ... okay on input line 43.
LaTeX Font Info:    Checking defaults for U/cmr/m/n on input line 43.
LaTeX Font Info:    ... okay on input line 43.
LaTeX Font Info:    Checking defaults for PD1/pdf/m/n on input line 43.
LaTeX Font Info:    ... okay on input line 43.
LaTeX Font Info:    Checking defaults for PU/pdf/m/n on input line 43.
LaTeX Font Info:    ... okay on input line 43.

*geometry* driver: auto-detecting
*geometry* detected driver: luatex
*geometry* verbose mode - [ preamble ] result:
* driver: luatex
* paper: a4paper
* layout: <same size as paper>
* layoutoffset:(h,v)=(0.0pt,0.0pt)
* modes: 
* h-part:(L,W,R)=(72.26999pt, 452.9679pt, 72.26999pt)
* v-part:(T,H,B)=(72.26999pt, 700.50687pt, 72.26999pt)
* \paperwidth=597.50787pt
* \paperheight=845.04684pt
* \textwidth=452.9679pt
* \textheight=700.50687pt
* \oddsidemargin=0.0pt
* \evensidemargin=0.0pt
* \topmargin=-37.0pt
* \headheight=12.0pt
* \headsep=25.0pt
* \topskip=11.0pt
* \footskip=30.0pt
* \marginparwidth=50.0pt
* \marginparsep=10.0pt
* \columnsep=10.0pt
* \skip\footins=10.0pt plus 4.0pt minus 2.0pt
* \hoffset=0.0pt
* \voffset=0.0pt
* \mag=1000
* \@twocolumnfalse
* \@twosidefalse
* \@mparswitchfalse
* \@reversemarginfalse
* (1in=72.27pt=25.4mm, 1cm=28.453pt)

(/usr/local/texlive/2024/texmf-dist/tex/context/base/mkii/supp-pdf.mkii
[Loading MPS to PDF converter (version 2006.09.02).]
\scratchcounter=\count304
\scratchdimen=\dimen188
\scratchbox=\box64
\nofMPsegments=\count305
\nofMParguments=\count306
\everyMPshowfont=\toks34
\MPscratchCnt=\count307
\MPscratchDim=\dimen189
\MPnumerator=\count308
\makeMPintoPDFobject=\count309
\everyMPtoPDFconversion=\toks35
) (/usr/local/texlive/2024/texmf-dist/tex/latex/epstopdf-pkg/epstopdf-base.sty
Package: epstopdf-base 2020-01-24 v2.11 Base part for package epstopdf
Package epstopdf-base Info: Redefining graphics rule for `.eps' on input line 4
85.

(/usr/local/texlive/2024/texmf-dist/tex/latex/latexconfig/epstopdf-sys.cfg
File: epstopdf-sys.cfg 2010/07/13 v1.3 Configuration of (r)epstopdf for TeX Liv
e
))
Package caption Info: Begin \AtBeginDocument code.
Package caption Info: float package is loaded.
Package caption Info: hyperref package is loaded.
Package caption Info: End \AtBeginDocument code.
Package hyperref Info: Link coloring ON on input line 43.

(./main.out) (./main.out)
\@outlinefile=\write3

\openout3 = main.out
LaTeX Font Info:    Trying to load font information for OT1+lmr on input line 4
6.

(/usr/local/texlive/2024/texmf-dist/tex/latex/lm/ot1lmr.fd
File: ot1lmr.fd 2015/05/01 v1.6.1 Font defs for Latin Modern
)
LaTeX Font Info:    Trying to load font information for OML+lmm on input line 4
6.

(/usr/local/texlive/2024/texmf-dist/tex/latex/lm/omllmm.fd
File: omllmm.fd 2015/05/01 v1.6.1 Font defs for Latin Modern
)
LaTeX Font Info:    Trying to load font information for OMS+lmsy on input line 
46.

(/usr/local/texlive/2024/texmf-dist/tex/latex/lm/omslmsy.fd
File: omslmsy.fd 2015/05/01 v1.6.1 Font defs for Latin Modern
)
LaTeX Font Info:    Trying to load font information for OMX+lmex on input line 
46.

(/usr/local/texlive/2024/texmf-dist/tex/latex/lm/omxlmex.fd
File: omxlmex.fd 2015/05/01 v1.6.1 Font defs for Latin Modern
)
LaTeX Font Info:    External font `lmex10' loaded for size
(Font)              <12> on input line 46.
LaTeX Font Info:    External font `lmex10' loaded for size
(Font)              <8> on input line 46.
LaTeX Font Info:    External font `lmex10' loaded for size
(Font)              <6> on input line 46.
LaTeX Font Info:    Trying to load font information for U+msa on input line 46.


(/usr/local/texlive/2024/texmf-dist/tex/latex/amsfonts/umsa.fd
File: umsa.fd 2013/01/14 v3.01 AMS symbols A
)
LaTeX Font Info:    Trying to load font information for U+msb on input line 46.


(/usr/local/texlive/2024/texmf-dist/tex/latex/amsfonts/umsb.fd
File: umsb.fd 2013/01/14 v3.01 AMS symbols B
) (./main.toc
LaTeX Font Info:    External font `lmex10' loaded for size
(Font)              <10.95> on input line 3.

[1

{/usr/local/texlive/2024/texmf-var/fonts/map/pdftex/updmap/pdftex.map}])
\tf@toc=\write4

\openout4 = main.toc

[2]
LaTeX Font Info:    Trying to load font information for T1+lmtt on input line 1
10.
 (/usr/local/texlive/2024/texmf-dist/tex/latex/lm/t1lmtt.fd
File: t1lmtt.fd 2015/05/01 v1.6.1 Font defs for Latin Modern
) [3]
Overfull \hbox (8.16515pt too wide) in paragraph at lines 149--152
[]\T1/lmr/bx/n/10.95 Cen-tral-ized bud-get book-keep-ing. \T1/lmr/m/n/10.95 Bud-
get en-force-ment is im-ple-mented in \T1/lmtt/m/n/10.95 simulation.py\T1/lmr/m
/n/10.95 ,
 []

[4]
Overfull \hbox (1.0225pt too wide) in paragraph at lines 219--221
[]\T1/lmr/m/n/10.95 five single-campaign dis-tri-bu-tions: uni-form, low com-pe-
ti-tion, high com-pe-ti-tion, beta-skewed,
 []


Overfull \hbox (22.92372pt too wide) in paragraph at lines 223--226
[]\T1/lmr/m/n/10.95 four non-stationary sce-nar-ios for Re-quire-ment 3: \T1/lm
tt/m/n/10.95 ns_abrupt\T1/lmr/m/n/10.95 , \T1/lmtt/m/n/10.95 ns_smooth\T1/lmr/m
/n/10.95 , \T1/lmtt/m/n/10.95 ns_fast\T1/lmr/m/n/10.95 , \T1/lmtt/m/n/10.95 ns_c
onflict\T1/lmr/m/n/10.95 ; 
 []


Overfull \hbox (8.41525pt too wide) in paragraph at lines 226--229
[]\T1/lmr/m/n/10.95 two ded-i-cated piecewise-stationary sce-nar-ios for Re-quir
e-ment 4: \T1/lmtt/m/n/10.95 pw_slight \T1/lmr/m/n/10.95 and \T1/lmtt/m/n/10.95
 pw_frequent\T1/lmr/m/n/10.95 ,
 []

[5]
LaTeX Font Info:    External font `lmex10' loaded for size
(Font)              <10> on input line 291.
LaTeX Font Info:    External font `lmex10' loaded for size
(Font)              <7> on input line 291.
LaTeX Font Info:    External font `lmex10' loaded for size
(Font)              <5> on input line 291.
 [6]
<assets/plots/regret_uniform_binding.png, id=229, 505.89pt x 325.215pt>
File: assets/plots/regret_uniform_binding.png Graphic file (type png)
<use assets/plots/regret_uniform_binding.png>
Package luatex.def Info: assets/plots/regret_uniform_binding.png  used on input
 line 320.
(luatex.def)             Requested size: 217.42265pt x 139.7752pt.
<assets/plots/regret_uniform_slack.png, id=230, 505.89pt x 325.215pt>
File: assets/plots/regret_uniform_slack.png Graphic file (type png)
<use assets/plots/regret_uniform_slack.png>
Package luatex.def Info: assets/plots/regret_uniform_slack.png  used on input l
ine 325.
(luatex.def)             Requested size: 217.42265pt x 139.7752pt.
<assets/plots/budget_low_competition_binding.png, id=231, 505.89pt x 325.215pt>

File: assets/plots/budget_low_competition_binding.png Graphic file (type png)
<use assets/plots/budget_low_competition_binding.png>
Package luatex.def Info: assets/plots/budget_low_competition_binding.png  used 
on input line 337.
(luatex.def)             Requested size: 217.42265pt x 139.7752pt.
<assets/plots/diagnostics_beta_skewed_binding.png, id=232, 794.97pt x 310.761pt
>
File: assets/plots/diagnostics_beta_skewed_binding.png Graphic file (type png)
<use assets/plots/diagnostics_beta_skewed_binding.png>
Package luatex.def Info: assets/plots/diagnostics_beta_skewed_binding.png  used
 on input line 342.
(luatex.def)             Requested size: 217.42265pt x 84.99246pt.
<assets/plots/scaling_regret.png, id=233, 505.89pt x 325.215pt>
File: assets/plots/scaling_regret.png Graphic file (type png)
<use assets/plots/scaling_regret.png>
Package luatex.def Info: assets/plots/scaling_regret.png  used on input line 35
2.
(luatex.def)             Requested size: 371.43698pt x 238.78452pt.
 [7<./assets/plots/regret_uniform_binding.png><./assets/plots/regret_uniform_sla
ck.png><./assets/plots/budget_low_competition_binding.png><./assets/plots/diagno
stics_beta_skewed_binding.png>] [8<./assets/plots/scaling_regret.png>]
<assets/plots/budget_multi_conflict_binding.png, id=250, 505.89pt x 325.215pt>
File: assets/plots/budget_multi_conflict_binding.png Graphic file (type png)
<use assets/plots/budget_multi_conflict_binding.png>
Package luatex.def Info: assets/plots/budget_multi_conflict_binding.png  used o
n input line 409.
(luatex.def)             Requested size: 217.42265pt x 139.7752pt.
<assets/plots/diagnostics_multi_conflict_binding.png, id=251, 1214.136pt x 274.
626pt>
File: assets/plots/diagnostics_multi_conflict_binding.png Graphic file (type pn
g)
<use assets/plots/diagnostics_multi_conflict_binding.png>
Package luatex.def Info: assets/plots/diagnostics_multi_conflict_binding.png  u
sed on input line 414.
(luatex.def)             Requested size: 217.42265pt x 49.17911pt.
<assets/plots/scaling_regret_multi.png, id=252, 505.89pt x 325.215pt>
File: assets/plots/scaling_regret_multi.png Graphic file (type png)
<use assets/plots/scaling_regret_multi.png>
Package luatex.def Info: assets/plots/scaling_regret_multi.png  used on input l
ine 423.
(luatex.def)             Requested size: 371.43698pt x 238.78452pt.
[9<./assets/plots/budget_multi_conflict_binding.png><./assets/plots/diagnostics_
multi_conflict_binding.png>] [10<./assets/plots/scaling_regret_multi.png>]
<assets/plots/bobw_summary.png, id=267, 650.43pt x 361.35pt>
File: assets/plots/bobw_summary.png Graphic file (type png)
<use assets/plots/bobw_summary.png>
Package luatex.def Info: assets/plots/bobw_summary.png  used on input line 509.

(luatex.def)             Requested size: 371.43698pt x 206.3576pt.
<assets/plots/regret_ns_fast_binding.png, id=268, 505.89pt x 325.215pt>
File: assets/plots/regret_ns_fast_binding.png Graphic file (type png)
<use assets/plots/regret_ns_fast_binding.png>
Package luatex.def Info: assets/plots/regret_ns_fast_binding.png  used on input
 line 514.
(luatex.def)             Requested size: 217.42265pt x 139.7752pt.
<assets/plots/regret_multi_correlated_binding.png, id=269, 505.89pt x 325.215pt
>
File: assets/plots/regret_multi_correlated_binding.png Graphic file (type png)
<use assets/plots/regret_multi_correlated_binding.png>
Package luatex.def Info: assets/plots/regret_multi_correlated_binding.png  used
 on input line 519.
(luatex.def)             Requested size: 217.42265pt x 139.7752pt.

[11<./assets/plots/bobw_summary.png>]
<assets/plots/budget_ns_fast_binding.png, id=280, 505.89pt x 325.215pt>
File: assets/plots/budget_ns_fast_binding.png Graphic file (type png)
<use assets/plots/budget_ns_fast_binding.png>
Package luatex.def Info: assets/plots/budget_ns_fast_binding.png  used on input
 line 531.
(luatex.def)             Requested size: 217.42265pt x 139.7752pt.
<assets/plots/dual_ns_fast_binding.png, id=281, 505.89pt x 325.215pt>
File: assets/plots/dual_ns_fast_binding.png Graphic file (type png)
<use assets/plots/dual_ns_fast_binding.png>
Package luatex.def Info: assets/plots/dual_ns_fast_binding.png  used on input l
ine 536.
(luatex.def)             Requested size: 217.42265pt x 139.7752pt.
<assets/plots/scaling_regret_pd.png, id=282, 505.89pt x 325.215pt>
File: assets/plots/scaling_regret_pd.png Graphic file (type png)
<use assets/plots/scaling_regret_pd.png>
Package luatex.def Info: assets/plots/scaling_regret_pd.png  used on input line
 547.
(luatex.def)             Requested size: 371.43698pt x 238.78452pt.
 [12<./assets/plots/regret_ns_fast_binding.png><./assets/plots/regret_multi_corr
elated_binding.png><./assets/plots/budget_ns_fast_binding.png><./assets/plots/du
al_ns_fast_binding.png>]
Overfull \hbox (2.52039pt too wide) in paragraph at lines 584--594
 [][] 
 []

[13<./assets/plots/scaling_regret_pd.png>]
Overfull \hbox (62.85927pt too wide) in paragraph at lines 601--603
[]\T1/lmr/m/n/10.95 SW-CombUCB wins when changes are rel-a-tively in-fre-quent 
and the bud-get is tight (\T1/lmtt/m/n/10.95 pw_slight_binding\T1/lmr/m/n/10.95
 ); 
 []


Overfull \hbox (1.66403pt too wide) in paragraph at lines 603--605
[]\T1/lmr/m/n/10.95 Primal-Dual is strongest in the conflict-heavy budget-sensit
ive case (\T1/lmtt/m/n/10.95 ns_conflict_binding\T1/lmr/m/n/10.95 ); 
 []

<assets/plots/req4_summary.png, id=299, 650.43pt x 361.35pt>
File: assets/plots/req4_summary.png Graphic file (type png)
<use assets/plots/req4_summary.png>
Package luatex.def Info: assets/plots/req4_summary.png  used on input line 612.

(luatex.def)             Requested size: 371.43698pt x 206.3576pt.
<assets/plots/regret_req4_pw_slight_binding.png, id=300, 542.025pt x 346.896pt>

File: assets/plots/regret_req4_pw_slight_binding.png Graphic file (type png)
<use assets/plots/regret_req4_pw_slight_binding.png>
Package luatex.def Info: assets/plots/regret_req4_pw_slight_binding.png  used o
n input line 617.
(luatex.def)             Requested size: 217.42265pt x 139.14763pt.
<assets/plots/regret_req4_ns_conflict_binding.png, id=301, 542.025pt x 346.896p
t>
File: assets/plots/regret_req4_ns_conflict_binding.png Graphic file (type png)
<use assets/plots/regret_req4_ns_conflict_binding.png>
Package luatex.def Info: assets/plots/regret_req4_ns_conflict_binding.png  used
 on input line 622.
(luatex.def)             Requested size: 217.42265pt x 139.14763pt.
[14<./assets/plots/req4_summary.png>]
<assets/plots/budget_req4_ns_conflict_binding.png, id=310, 542.025pt x 346.896p
t>
File: assets/plots/budget_req4_ns_conflict_binding.png Graphic file (type png)
<use assets/plots/budget_req4_ns_conflict_binding.png>
Package luatex.def Info: assets/plots/budget_req4_ns_conflict_binding.png  used
 on input line 632.
(luatex.def)             Requested size: 217.42265pt x 139.14763pt.
<assets/plots/window_sensitivity.png, id=311, 505.89pt x 325.215pt>
File: assets/plots/window_sensitivity.png Graphic file (type png)
<use assets/plots/window_sensitivity.png>
Package luatex.def Info: assets/plots/window_sensitivity.png  used on input lin
e 637.
(luatex.def)             Requested size: 217.42265pt x 139.7752pt.

Overfull \hbox (59.87204pt too wide) in paragraph at lines 660--664
[]\T1/lmr/bx/n/10.95 Budget-aware learn-ing is not al-ways bet-ter in fi-nite ho
ri-zon. \T1/lmr/m/n/10.95 The \T1/lmtt/m/n/10.95 high_competition_binding
 []

[15<./assets/plots/regret_req4_pw_slight_binding.png><./assets/plots/regret_req4
_ns_conflict_binding.png><./assets/plots/budget_req4_ns_conflict_binding.png><./
assets/plots/window_sensitivity.png>]
File: assets/plots/regret_uniform_binding.png Graphic file (type png)
<use assets/plots/regret_uniform_binding.png>
Package luatex.def Info: assets/plots/regret_uniform_binding.png  used on input
 line 725.
(luatex.def)             Requested size: 217.42265pt x 139.7752pt.
File: assets/plots/regret_uniform_slack.png Graphic file (type png)
<use assets/plots/regret_uniform_slack.png>
Package luatex.def Info: assets/plots/regret_uniform_slack.png  used on input l
ine 730.
(luatex.def)             Requested size: 217.42265pt x 139.7752pt.
<assets/plots/regret_low_competition_binding.png, id=325, 505.89pt x 325.215pt>

File: assets/plots/regret_low_competition_binding.png Graphic file (type png)
<use assets/plots/regret_low_competition_binding.png>
Package luatex.def Info: assets/plots/regret_low_competition_binding.png  used 
on input line 739.
(luatex.def)             Requested size: 217.42265pt x 139.7752pt.
<assets/plots/regret_low_competition_slack.png, id=326, 505.89pt x 325.215pt>
File: assets/plots/regret_low_competition_slack.png Graphic file (type png)
<use assets/plots/regret_low_competition_slack.png>
Package luatex.def Info: assets/plots/regret_low_competition_slack.png  used on
 input line 744.
(luatex.def)             Requested size: 217.42265pt x 139.7752pt.
<assets/plots/regret_high_competition_binding.png, id=327, 505.89pt x 325.215pt
>
File: assets/plots/regret_high_competition_binding.png Graphic file (type png)
<use assets/plots/regret_high_competition_binding.png>
Package luatex.def Info: assets/plots/regret_high_competition_binding.png  used
 on input line 753.
(luatex.def)             Requested size: 217.42265pt x 139.7752pt.
<assets/plots/regret_high_competition_slack.png, id=328, 505.89pt x 325.215pt>
File: assets/plots/regret_high_competition_slack.png Graphic file (type png)
<use assets/plots/regret_high_competition_slack.png>
Package luatex.def Info: assets/plots/regret_high_competition_slack.png  used o
n input line 758.
(luatex.def)             Requested size: 217.42265pt x 139.7752pt.
<assets/plots/regret_beta_skewed_binding.png, id=329, 505.89pt x 325.215pt>
File: assets/plots/regret_beta_skewed_binding.png Graphic file (type png)
<use assets/plots/regret_beta_skewed_binding.png>
Package luatex.def Info: assets/plots/regret_beta_skewed_binding.png  used on i
nput line 767.
(luatex.def)             Requested size: 217.42265pt x 139.7752pt.
<assets/plots/regret_beta_skewed_slack.png, id=330, 505.89pt x 325.215pt>
File: assets/plots/regret_beta_skewed_slack.png Graphic file (type png)
<use assets/plots/regret_beta_skewed_slack.png>
Package luatex.def Info: assets/plots/regret_beta_skewed_slack.png  used on inp
ut line 772.
(luatex.def)             Requested size: 217.42265pt x 139.7752pt.
<assets/plots/regret_bimodal_binding.png, id=331, 505.89pt x 325.215pt>
File: assets/plots/regret_bimodal_binding.png Graphic file (type png)
<use assets/plots/regret_bimodal_binding.png>
Package luatex.def Info: assets/plots/regret_bimodal_binding.png  used on input
 line 781.
(luatex.def)             Requested size: 217.42265pt x 139.7752pt.
<assets/plots/regret_bimodal_slack.png, id=332, 505.89pt x 325.215pt>
File: assets/plots/regret_bimodal_slack.png Graphic file (type png)
<use assets/plots/regret_bimodal_slack.png>
Package luatex.def Info: assets/plots/regret_bimodal_slack.png  used on input l
ine 786.
(luatex.def)             Requested size: 217.42265pt x 139.7752pt.
<assets/plots/budget_uniform_binding.png, id=333, 505.89pt x 325.215pt>
File: assets/plots/budget_uniform_binding.png Graphic file (type png)
<use assets/plots/budget_uniform_binding.png>
Package luatex.def Info: assets/plots/budget_uniform_binding.png  used on input
 line 795.
(luatex.def)             Requested size: 217.42265pt x 139.7752pt.
File: assets/plots/budget_low_competition_binding.png Graphic file (type png)
<use assets/plots/budget_low_competition_binding.png>
Package luatex.def Info: assets/plots/budget_low_competition_binding.png  used 
on input line 800.
(luatex.def)             Requested size: 217.42265pt x 139.7752pt.
<assets/plots/budget_high_competition_binding.png, id=334, 505.89pt x 325.215pt
>
File: assets/plots/budget_high_competition_binding.png Graphic file (type png)
<use assets/plots/budget_high_competition_binding.png>
Package luatex.def Info: assets/plots/budget_high_competition_binding.png  used
 on input line 809.
(luatex.def)             Requested size: 217.42265pt x 139.7752pt.
<assets/plots/budget_beta_skewed_binding.png, id=335, 505.89pt x 325.215pt>
File: assets/plots/budget_beta_skewed_binding.png Graphic file (type png)
<use assets/plots/budget_beta_skewed_binding.png>
Package luatex.def Info: assets/plots/budget_beta_skewed_binding.png  used on i
nput line 814.
(luatex.def)             Requested size: 217.42265pt x 139.7752pt.
<assets/plots/budget_bimodal_binding.png, id=336, 505.89pt x 325.215pt>
File: assets/plots/budget_bimodal_binding.png Graphic file (type png)
<use assets/plots/budget_bimodal_binding.png>
Package luatex.def Info: assets/plots/budget_bimodal_binding.png  used on input
 line 822.
(luatex.def)             Requested size: 217.42265pt x 139.7752pt.
<assets/plots/diagnostics_uniform_binding.png, id=337, 794.97pt x 310.761pt>
File: assets/plots/diagnostics_uniform_binding.png Graphic file (type png)
<use assets/plots/diagnostics_uniform_binding.png>
Package luatex.def Info: assets/plots/diagnostics_uniform_binding.png  used on 
input line 829.
(luatex.def)             Requested size: 217.42265pt x 84.99246pt.
<assets/plots/diagnostics_low_competition_binding.png, id=338, 794.97pt x 310.7
61pt>
File: assets/plots/diagnostics_low_competition_binding.png Graphic file (type p
ng)
<use assets/plots/diagnostics_low_competition_binding.png>
Package luatex.def Info: assets/plots/diagnostics_low_competition_binding.png  
used on input line 834.
(luatex.def)             Requested size: 217.42265pt x 84.99246pt.
<assets/plots/diagnostics_high_competition_binding.png, id=339, 794.97pt x 310.
761pt>
File: assets/plots/diagnostics_high_competition_binding.png Graphic file (type 
png)
<use assets/plots/diagnostics_high_competition_binding.png>
Package luatex.def Info: assets/plots/diagnostics_high_competition_binding.png 
 used on input line 843.
(luatex.def)             Requested size: 217.42265pt x 84.99246pt.
File: assets/plots/diagnostics_beta_skewed_binding.png Graphic file (type png)
<use assets/plots/diagnostics_beta_skewed_binding.png>
Package luatex.def Info: assets/plots/diagnostics_beta_skewed_binding.png  used
 on input line 848.
(luatex.def)             Requested size: 217.42265pt x 84.99246pt.
<assets/plots/diagnostics_bimodal_binding.png, id=340, 794.97pt x 310.761pt>
File: assets/plots/diagnostics_bimodal_binding.png Graphic file (type png)
<use assets/plots/diagnostics_bimodal_binding.png>
Package luatex.def Info: assets/plots/diagnostics_bimodal_binding.png  used on 
input line 856.
(luatex.def)             Requested size: 217.42265pt x 84.99246pt.
File: assets/plots/scaling_regret.png Graphic file (type png)
<use assets/plots/scaling_regret.png>
Package luatex.def Info: assets/plots/scaling_regret.png  used on input line 86
2.
(luatex.def)             Requested size: 317.07614pt x 203.83946pt.
<assets/plots/budget_multi_independent_binding.png, id=341, 505.89pt x 325.215p
t>
File: assets/plots/budget_multi_independent_binding.png Graphic file (type png)

<use assets/plots/budget_multi_independent_binding.png>
Package luatex.def Info: assets/plots/budget_multi_independent_binding.png  use
d on input line 871.
(luatex.def)             Requested size: 217.42265pt x 139.7752pt.
File: assets/plots/budget_multi_conflict_binding.png Graphic file (type png)
<use assets/plots/budget_multi_conflict_binding.png>
Package luatex.def Info: assets/plots/budget_multi_conflict_binding.png  used o
n input line 876.
(luatex.def)             Requested size: 217.42265pt x 139.7752pt.
<assets/plots/budget_multi_correlated_binding.png, id=342, 505.89pt x 325.215pt
>
File: assets/plots/budget_multi_correlated_binding.png Graphic file (type png)
<use assets/plots/budget_multi_correlated_binding.png>
Package luatex.def Info: assets/plots/budget_multi_correlated_binding.png  used
 on input line 884.
(luatex.def)             Requested size: 217.42265pt x 139.7752pt.
<assets/plots/diagnostics_multi_independent_binding.png, id=343, 910.602pt x 27
4.626pt>
File: assets/plots/diagnostics_multi_independent_binding.png Graphic file (type
 png)
<use assets/plots/diagnostics_multi_independent_binding.png>
Package luatex.def Info: assets/plots/diagnostics_multi_independent_binding.png
  used on input line 891.
(luatex.def)             Requested size: 217.42265pt x 65.57216pt.
File: assets/plots/diagnostics_multi_conflict_binding.png Graphic file (type pn
g)
<use assets/plots/diagnostics_multi_conflict_binding.png>
Package luatex.def Info: assets/plots/diagnostics_multi_conflict_binding.png  u
sed on input line 896.
(luatex.def)             Requested size: 217.42265pt x 49.17911pt.
<assets/plots/diagnostics_multi_correlated_binding.png, id=344, 910.602pt x 274
.626pt>
File: assets/plots/diagnostics_multi_correlated_binding.png Graphic file (type 
png)
<use assets/plots/diagnostics_multi_correlated_binding.png>
Package luatex.def Info: assets/plots/diagnostics_multi_correlated_binding.png 
 used on input line 904.
(luatex.def)             Requested size: 217.42265pt x 65.57216pt.
File: assets/plots/scaling_regret_multi.png Graphic file (type png)
<use assets/plots/scaling_regret_multi.png>
Package luatex.def Info: assets/plots/scaling_regret_multi.png  used on input l
ine 910.
(luatex.def)             Requested size: 317.07614pt x 203.83946pt.
<assets/plots/regret_ns_abrupt_binding.png, id=345, 505.89pt x 325.215pt>
File: assets/plots/regret_ns_abrupt_binding.png Graphic file (type png)
<use assets/plots/regret_ns_abrupt_binding.png>
Package luatex.def Info: assets/plots/regret_ns_abrupt_binding.png  used on inp
ut line 919.
(luatex.def)             Requested size: 217.42265pt x 139.7752pt.
<assets/plots/regret_ns_smooth_binding.png, id=346, 505.89pt x 325.215pt>
File: assets/plots/regret_ns_smooth_binding.png Graphic file (type png)
<use assets/plots/regret_ns_smooth_binding.png>
Package luatex.def Info: assets/plots/regret_ns_smooth_binding.png  used on inp
ut line 924.
(luatex.def)             Requested size: 217.42265pt x 139.7752pt.
File: assets/plots/regret_ns_fast_binding.png Graphic file (type png)
<use assets/plots/regret_ns_fast_binding.png>
Package luatex.def Info: assets/plots/regret_ns_fast_binding.png  used on input
 line 933.
(luatex.def)             Requested size: 217.42265pt x 139.7752pt.
<assets/plots/regret_ns_conflict_binding.png, id=347, 505.89pt x 325.215pt>
File: assets/plots/regret_ns_conflict_binding.png Graphic file (type png)
<use assets/plots/regret_ns_conflict_binding.png>
Package luatex.def Info: assets/plots/regret_ns_conflict_binding.png  used on i
nput line 938.
(luatex.def)             Requested size: 217.42265pt x 139.7752pt.
<assets/plots/regret_multi_independent_binding.png, id=348, 505.89pt x 325.215p
t>
File: assets/plots/regret_multi_independent_binding.png Graphic file (type png)

<use assets/plots/regret_multi_independent_binding.png>
Package luatex.def Info: assets/plots/regret_multi_independent_binding.png  use
d on input line 947.
(luatex.def)             Requested size: 217.42265pt x 139.7752pt.
<assets/plots/regret_multi_conflict_binding.png, id=349, 505.89pt x 325.215pt>
File: assets/plots/regret_multi_conflict_binding.png Graphic file (type png)
<use assets/plots/regret_multi_conflict_binding.png>
Package luatex.def Info: assets/plots/regret_multi_conflict_binding.png  used o
n input line 952.
(luatex.def)             Requested size: 217.42265pt x 139.7752pt.
File: assets/plots/regret_multi_correlated_binding.png Graphic file (type png)
<use assets/plots/regret_multi_correlated_binding.png>
Package luatex.def Info: assets/plots/regret_multi_correlated_binding.png  used
 on input line 960.
(luatex.def)             Requested size: 217.42265pt x 139.7752pt.

Underfull \hbox (badness 10000) in paragraph at lines 962--962
[]\T1/lmr/m/n/10.95 Fig-ure 33: |Re-quire-ment 3 re-gret plot on reused stochas-
tic sce-nario:
 []

<assets/plots/budget_ns_abrupt_binding.png, id=350, 505.89pt x 325.215pt>
File: assets/plots/budget_ns_abrupt_binding.png Graphic file (type png)
<use assets/plots/budget_ns_abrupt_binding.png>
Package luatex.def Info: assets/plots/budget_ns_abrupt_binding.png  used on inp
ut line 968.
(luatex.def)             Requested size: 217.42265pt x 139.7752pt.
<assets/plots/budget_ns_smooth_binding.png, id=351, 505.89pt x 325.215pt>
File: assets/plots/budget_ns_smooth_binding.png Graphic file (type png)
<use assets/plots/budget_ns_smooth_binding.png>
Package luatex.def Info: assets/plots/budget_ns_smooth_binding.png  used on inp
ut line 973.
(luatex.def)             Requested size: 217.42265pt x 139.7752pt.
File: assets/plots/budget_ns_fast_binding.png Graphic file (type png)
<use assets/plots/budget_ns_fast_binding.png>
Package luatex.def Info: assets/plots/budget_ns_fast_binding.png  used on input
 line 982.
(luatex.def)             Requested size: 217.42265pt x 139.7752pt.
<assets/plots/budget_ns_conflict_binding.png, id=352, 505.89pt x 325.215pt>
File: assets/plots/budget_ns_conflict_binding.png Graphic file (type png)
<use assets/plots/budget_ns_conflict_binding.png>
Package luatex.def Info: assets/plots/budget_ns_conflict_binding.png  used on i
nput line 987.
(luatex.def)             Requested size: 217.42265pt x 139.7752pt.
<assets/plots/dual_ns_abrupt_binding.png, id=353, 505.89pt x 325.215pt>
File: assets/plots/dual_ns_abrupt_binding.png Graphic file (type png)
<use assets/plots/dual_ns_abrupt_binding.png>
Package luatex.def Info: assets/plots/dual_ns_abrupt_binding.png  used on input
 line 996.
(luatex.def)             Requested size: 217.42265pt x 139.7752pt.
<assets/plots/dual_ns_smooth_binding.png, id=354, 505.89pt x 325.215pt>
File: assets/plots/dual_ns_smooth_binding.png Graphic file (type png)
<use assets/plots/dual_ns_smooth_binding.png>
Package luatex.def Info: assets/plots/dual_ns_smooth_binding.png  used on input
 line 1001.
(luatex.def)             Requested size: 217.42265pt x 139.7752pt.
File: assets/plots/dual_ns_fast_binding.png Graphic file (type png)
<use assets/plots/dual_ns_fast_binding.png>
Package luatex.def Info: assets/plots/dual_ns_fast_binding.png  used on input l
ine 1010.
(luatex.def)             Requested size: 217.42265pt x 139.7752pt.
<assets/plots/dual_ns_conflict_binding.png, id=355, 505.89pt x 325.215pt>
File: assets/plots/dual_ns_conflict_binding.png Graphic file (type png)
<use assets/plots/dual_ns_conflict_binding.png>
Package luatex.def Info: assets/plots/dual_ns_conflict_binding.png  used on inp
ut line 1015.
(luatex.def)             Requested size: 217.42265pt x 139.7752pt.
File: assets/plots/bobw_summary.png Graphic file (type png)
<use assets/plots/bobw_summary.png>
Package luatex.def Info: assets/plots/bobw_summary.png  used on input line 1024
.
(luatex.def)             Requested size: 280.83788pt x 156.02258pt.
File: assets/plots/scaling_regret_pd.png Graphic file (type png)
<use assets/plots/scaling_regret_pd.png>
Package luatex.def Info: assets/plots/scaling_regret_pd.png  used on input line
 1031.
(luatex.def)             Requested size: 280.83788pt x 180.54112pt.
File: assets/plots/regret_req4_pw_slight_binding.png Graphic file (type png)
<use assets/plots/regret_req4_pw_slight_binding.png>
Package luatex.def Info: assets/plots/regret_req4_pw_slight_binding.png  used o
n input line 1042.
(luatex.def)             Requested size: 217.42265pt x 139.14763pt.
File: assets/plots/regret_req4_ns_conflict_binding.png Graphic file (type png)
<use assets/plots/regret_req4_ns_conflict_binding.png>
Package luatex.def Info: assets/plots/regret_req4_ns_conflict_binding.png  used
 on input line 1047.
(luatex.def)             Requested size: 217.42265pt x 139.14763pt.
<assets/plots/regret_req4_ns_abrupt_binding.png, id=356, 542.025pt x 346.896pt>

File: assets/plots/regret_req4_ns_abrupt_binding.png Graphic file (type png)
<use assets/plots/regret_req4_ns_abrupt_binding.png>
Package luatex.def Info: assets/plots/regret_req4_ns_abrupt_binding.png  used o
n input line 1056.
(luatex.def)             Requested size: 217.42265pt x 139.14763pt.
<assets/plots/regret_req4_pw_frequent_binding.png, id=357, 542.025pt x 346.896p
t>
File: assets/plots/regret_req4_pw_frequent_binding.png Graphic file (type png)
<use assets/plots/regret_req4_pw_frequent_binding.png>
Package luatex.def Info: assets/plots/regret_req4_pw_frequent_binding.png  used
 on input line 1061.
(luatex.def)             Requested size: 217.42265pt x 139.14763pt.
<assets/plots/budget_req4_pw_slight_binding.png, id=358, 542.025pt x 346.896pt>

File: assets/plots/budget_req4_pw_slight_binding.png Graphic file (type png)
<use assets/plots/budget_req4_pw_slight_binding.png>
Package luatex.def Info: assets/plots/budget_req4_pw_slight_binding.png  used o
n input line 1070.
(luatex.def)             Requested size: 217.42265pt x 139.14763pt.
File: assets/plots/budget_req4_ns_conflict_binding.png Graphic file (type png)
<use assets/plots/budget_req4_ns_conflict_binding.png>
Package luatex.def Info: assets/plots/budget_req4_ns_conflict_binding.png  used
 on input line 1075.
(luatex.def)             Requested size: 217.42265pt x 139.14763pt.
<assets/plots/budget_req4_ns_abrupt_binding.png, id=359, 542.025pt x 346.896pt>

File: assets/plots/budget_req4_ns_abrupt_binding.png Graphic file (type png)
<use assets/plots/budget_req4_ns_abrupt_binding.png>
Package luatex.def Info: assets/plots/budget_req4_ns_abrupt_binding.png  used o
n input line 1084.
(luatex.def)             Requested size: 217.42265pt x 139.14763pt.
<assets/plots/budget_req4_pw_frequent_binding.png, id=360, 542.025pt x 346.896p
t>
File: assets/plots/budget_req4_pw_frequent_binding.png Graphic file (type png)
<use assets/plots/budget_req4_pw_frequent_binding.png>
Package luatex.def Info: assets/plots/budget_req4_pw_frequent_binding.png  used
 on input line 1089.
(luatex.def)             Requested size: 217.42265pt x 139.14763pt.
File: assets/plots/window_sensitivity.png Graphic file (type png)
<use assets/plots/window_sensitivity.png>
Package luatex.def Info: assets/plots/window_sensitivity.png  used on input lin
e 1098.
(luatex.def)             Requested size: 280.83788pt x 180.54112pt.
File: assets/plots/req4_summary.png Graphic file (type png)
<use assets/plots/req4_summary.png>
Package luatex.def Info: assets/plots/req4_summary.png  used on input line 1105
.
(luatex.def)             Requested size: 280.83788pt x 156.02258pt.
[16] [17<./assets/plots/regret_low_competition_binding.png><./assets/plots/regre
t_low_competition_slack.png><./assets/plots/regret_high_competition_binding.png>
<./assets/plots/regret_high_competition_slack.png>] [18<./assets/plots/regret_be
ta_skewed_binding.png><./assets/plots/regret_beta_skewed_slack.png><./assets/plo
ts/regret_bimodal_binding.png><./assets/plots/regret_bimodal_slack.png><./assets
/plots/budget_uniform_binding.png>] [19<./assets/plots/budget_high_competition_b
inding.png><./assets/plots/budget_beta_skewed_binding.png><./assets/plots/budget
_bimodal_binding.png><./assets/plots/diagnostics_uniform_binding.png><./assets/p
lots/diagnostics_low_competition_binding.png><./assets/plots/diagnostics_high_co
mpetition_binding.png>] [20<./assets/plots/diagnostics_bimodal_binding.png><./as
sets/plots/budget_multi_independent_binding.png>] [21<./assets/plots/budget_mult
i_correlated_binding.png><./assets/plots/diagnostics_multi_independent_binding.p
ng><./assets/plots/diagnostics_multi_correlated_binding.png>]
[22<./assets/plots/regret_ns_abrupt_binding.png><./assets/plots/regret_ns_smooth
_binding.png><./assets/plots/regret_ns_conflict_binding.png><./assets/plots/regr
et_multi_independent_binding.png><./assets/plots/regret_multi_conflict_binding.p
ng>] [23<./assets/plots/budget_ns_abrupt_binding.png><./assets/plots/budget_ns_s
mooth_binding.png><./assets/plots/budget_ns_conflict_binding.png>] [24<./assets/
plots/dual_ns_abrupt_binding.png><./assets/plots/dual_ns_smooth_binding.png><./a
ssets/plots/dual_ns_conflict_binding.png>] [25] [26<./assets/plots/regret_req4_n
s_abrupt_binding.png><./assets/plots/regret_req4_pw_frequent_binding.png><./asse
ts/plots/budget_req4_pw_slight_binding.png><./assets/plots/budget_req4_ns_abrupt
_binding.png><./assets/plots/budget_req4_pw_frequent_binding.png>]
[27] (./main.aux)
 ***********
LaTeX2e <2023-11-01> patch level 1
L3 programming layer <2024-02-20>
 ***********
Package rerunfilecheck Info: File `main.out' has not changed.
(rerunfilecheck)             Checksum: BB90DF53BDDAFD511D53A8CE7E8B8DBA;6324.
)

Here is how much of LuaTeX's memory you used:
 14301 strings out of 476447
 125027,1977958 words of node,token memory allocated
 560 words of node memory still in use:
   6 hlist, 2 vlist, 2 rule, 2 glue, 4 kern, 1 glyph, 15 attribute, 60 glue_spec
, 15 attribute_list, 1 write nodes
   avail lists: 1:1,2:3826,3:1042,4:281,5:430,6:279,7:9095,8:46,9:1569,10:12,11:
540
 35775 multiletter control sequences out of 65536+600000
 75 fonts using 5064743 bytes
 72i,13n,75p,371b,598s stack positions out of 10000i,1000n,20000p,200000b,200000s
{/usr/local/texlive/2024/texmf-dist/fonts/enc/dvips/lm/lm-ec.enc}{/usr/local/tex
live/2024/texmf-dist/fonts/enc/dvips/lm/lm-mathex.enc}{/usr/local/texlive/2024/t
exmf-dist/fonts/enc/dvips/lm/lm-rm.enc}{/usr/local/texlive/2024/texmf-dist/fonts
/enc/dvips/lm/lm-mathsy.enc}{/usr/local/texlive/2024/texmf-dist/fonts/enc/dvips/
lm/lm-mathit.enc}{/usr/local/texlive/2024/texmf-dist/fonts/enc/dvips/lm/lm-ts1.e
nc}</usr/local/texlive/2024/texmf-dist/fonts/type1/public/lm/lmbx10.pfb></usr/lo
cal/texlive/2024/texmf-dist/fonts/type1/public/lm/lmbx12.pfb></usr/local/texlive
/2024/texmf-dist/fonts/type1/public/lm/lmex10.pfb></usr/local/texlive/2024/texmf
-dist/fonts/type1/public/lm/lmmi10.pfb></usr/local/texlive/2024/texmf-dist/fonts
/type1/public/lm/lmmi8.pfb></usr/local/texlive/2024/texmf-dist/fonts/type1/publi
c/lm/lmr10.pfb></usr/local/texlive/2024/texmf-dist/fonts/type1/public/lm/lmr12.p
fb></usr/local/texlive/2024/texmf-dist/fonts/type1/public/lm/lmr17.pfb></usr/loc
al/texlive/2024/texmf-dist/fonts/type1/public/lm/lmr6.pfb></usr/local/texlive/20
24/texmf-dist/fonts/type1/public/lm/lmr7.pfb></usr/local/texlive/2024/texmf-dist
/fonts/type1/public/lm/lmr8.pfb></usr/local/texlive/2024/texmf-dist/fonts/type1/
public/lm/lmri10.pfb></usr/local/texlive/2024/texmf-dist/fonts/type1/public/lm/l
msy10.pfb></usr/local/texlive/2024/texmf-dist/fonts/type1/public/lm/lmsy8.pfb></
usr/local/texlive/2024/texmf-dist/fonts/type1/public/lm/lmtt10.pfb></usr/local/t
exlive/2024/texmf-dist/fonts/type1/public/lm/lmtt8.pfb></usr/local/texlive/2024/
texmf-dist/fonts/type1/public/amsfonts/symbols/msbm10.pfb>
Output written on main.pdf (27 pages, 3165346 bytes).

PDF statistics: 551 PDF objects out of 1000 (max. 8388607)
 391 compressed objects within 4 object streams
 117 named destinations out of 1000 (max. 131072)
 281 words of extra memory for PDF output out of 10000 (max. 100000000)

